{"/home/travis/build/npmtest/node-npmtest-crx/test.js":{"path":"/home/travis/build/npmtest/node-npmtest-crx/test.js","s":{"1":2,"2":2,"3":2,"4":2,"5":2,"6":2,"7":2,"8":1,"9":2,"10":2,"11":1,"12":1,"13":1,"14":1,"15":2,"16":2,"17":2,"18":2,"19":1,"20":1,"21":2,"22":2,"23":2,"24":1,"25":1,"26":1,"27":1,"28":1,"29":1,"30":1,"31":1,"32":1,"33":1,"34":1,"35":1,"36":1,"37":1,"38":1,"39":2,"40":2,"41":1,"42":2,"43":2,"44":1,"45":2,"46":2,"47":1,"48":2,"49":2,"50":1,"51":1,"52":1,"53":1,"54":1},"b":{"1":[2,1,1,1],"2":[1,1,1,1],"3":[1,1],"4":[1,1],"5":[1,1],"6":[1,1],"7":[1,1],"8":[1,1],"9":[1,1],"10":[1,1,1],"11":[1,1],"12":[1,1],"13":[1,1],"14":[1,1],"15":[1,1],"16":[1,1],"17":[1,1]},"f":{"1":2,"2":2,"3":2,"4":2,"5":2,"6":1,"7":1,"8":1,"9":2,"10":2,"11":2,"12":2,"13":1},"fnMap":{"1":{"name":"(anonymous_1)","line":12,"loc":{"start":{"line":12,"column":1},"end":{"line":12,"column":13}}},"2":{"name":"(anonymous_2)","line":19,"loc":{"start":{"line":19,"column":5},"end":{"line":19,"column":17}}},"3":{"name":"(anonymous_3)","line":23,"loc":{"start":{"line":23,"column":24},"end":{"line":23,"column":36}}},"4":{"name":"(anonymous_4)","line":61,"loc":{"start":{"line":61,"column":5},"end":{"line":61,"column":17}}},"5":{"name":"(anonymous_5)","line":82,"loc":{"start":{"line":82,"column":5},"end":{"line":82,"column":17}}},"6":{"name":"(anonymous_6)","line":91,"loc":{"start":{"line":91,"column":77},"end":{"line":94,"column":10}}},"7":{"name":"(anonymous_7)","line":112,"loc":{"start":{"line":112,"column":83},"end":{"line":115,"column":10}},"skip":true},"8":{"name":"(anonymous_8)","line":123,"loc":{"start":{"line":123,"column":77},"end":{"line":126,"column":10}},"skip":true},"9":{"name":"(anonymous_9)","line":139,"loc":{"start":{"line":139,"column":12},"end":{"line":139,"column":40}},"skip":true},"10":{"name":"(anonymous_10)","line":147,"loc":{"start":{"line":147,"column":77},"end":{"line":150,"column":10}},"skip":true},"11":{"name":"(anonymous_11)","line":158,"loc":{"start":{"line":158,"column":83},"end":{"line":161,"column":10}},"skip":true},"12":{"name":"(anonymous_12)","line":169,"loc":{"start":{"line":169,"column":79},"end":{"line":172,"column":10}},"skip":true},"13":{"name":"(anonymous_13)","line":180,"loc":{"start":{"line":180,"column":75},"end":{"line":183,"column":10}},"skip":true}},"statementMap":{"1":{"start":{"line":12,"column":0},"end":{"line":195,"column":5}},"2":{"start":{"line":14,"column":4},"end":{"line":14,"column":14}},"3":{"start":{"line":19,"column":4},"end":{"line":56,"column":9}},"4":{"start":{"line":21,"column":8},"end":{"line":21,"column":19}},"5":{"start":{"line":23,"column":8},"end":{"line":35,"column":13}},"6":{"start":{"line":24,"column":12},"end":{"line":34,"column":13}},"7":{"start":{"line":25,"column":16},"end":{"line":28,"column":30}},"8":{"start":{"line":30,"column":16},"end":{"line":33,"column":27}},"9":{"start":{"line":37,"column":8},"end":{"line":39,"column":21}},"10":{"start":{"line":40,"column":8},"end":{"line":53,"column":9}},"11":{"start":{"line":43,"column":12},"end":{"line":46,"column":14}},"12":{"start":{"line":47,"column":12},"end":{"line":47,"column":18}},"13":{"start":{"line":50,"column":12},"end":{"line":51,"column":33}},"14":{"start":{"line":52,"column":12},"end":{"line":52,"column":18}},"15":{"start":{"line":55,"column":8},"end":{"line":55,"column":35}},"16":{"start":{"line":61,"column":4},"end":{"line":63,"column":9}},"17":{"start":{"line":62,"column":8},"end":{"line":62,"column":15}},"18":{"start":{"line":64,"column":4},"end":{"line":77,"column":5}},"19":{"start":{"line":70,"column":8},"end":{"line":70,"column":14}},"20":{"start":{"line":76,"column":8},"end":{"line":76,"column":14}},"21":{"start":{"line":82,"column":4},"end":{"line":84,"column":9}},"22":{"start":{"line":83,"column":8},"end":{"line":83,"column":15}},"23":{"start":{"line":85,"column":4},"end":{"line":194,"column":5}},"24":{"start":{"line":91,"column":8},"end":{"line":99,"column":10}},"25":{"start":{"line":98,"column":12},"end":{"line":98,"column":35}},"26":{"start":{"line":102,"column":8},"end":{"line":104,"column":63}},"27":{"start":{"line":105,"column":8},"end":{"line":105,"column":14}},"28":{"start":{"line":112,"column":8},"end":{"line":121,"column":10},"skip":true},"29":{"start":{"line":119,"column":12},"end":{"line":119,"column":55},"skip":true},"30":{"start":{"line":120,"column":12},"end":{"line":120,"column":48},"skip":true},"31":{"start":{"line":123,"column":8},"end":{"line":136,"column":10},"skip":true},"32":{"start":{"line":130,"column":12},"end":{"line":130,"column":76},"skip":true},"33":{"start":{"line":131,"column":12},"end":{"line":131,"column":73},"skip":true},"34":{"start":{"line":132,"column":12},"end":{"line":132,"column":74},"skip":true},"35":{"start":{"line":133,"column":12},"end":{"line":133,"column":79},"skip":true},"36":{"start":{"line":134,"column":12},"end":{"line":134,"column":25},"skip":true},"37":{"start":{"line":135,"column":12},"end":{"line":135,"column":45},"skip":true},"38":{"start":{"line":138,"column":8},"end":{"line":145,"column":14},"skip":true},"39":{"start":{"line":143,"column":16},"end":{"line":143,"column":29},"skip":true},"40":{"start":{"line":144,"column":16},"end":{"line":144,"column":55},"skip":true},"41":{"start":{"line":147,"column":8},"end":{"line":156,"column":10},"skip":true},"42":{"start":{"line":154,"column":12},"end":{"line":154,"column":25},"skip":true},"43":{"start":{"line":155,"column":12},"end":{"line":155,"column":45},"skip":true},"44":{"start":{"line":158,"column":8},"end":{"line":167,"column":10},"skip":true},"45":{"start":{"line":165,"column":12},"end":{"line":165,"column":25},"skip":true},"46":{"start":{"line":166,"column":12},"end":{"line":166,"column":48},"skip":true},"47":{"start":{"line":169,"column":8},"end":{"line":178,"column":10},"skip":true},"48":{"start":{"line":176,"column":12},"end":{"line":176,"column":25},"skip":true},"49":{"start":{"line":177,"column":12},"end":{"line":177,"column":46},"skip":true},"50":{"start":{"line":180,"column":8},"end":{"line":189,"column":10},"skip":true},"51":{"start":{"line":187,"column":12},"end":{"line":187,"column":94},"skip":true},"52":{"start":{"line":188,"column":12},"end":{"line":188,"column":48},"skip":true},"53":{"start":{"line":192,"column":8},"end":{"line":192,"column":35},"skip":true},"54":{"start":{"line":193,"column":8},"end":{"line":193,"column":14},"skip":true}},"branchMap":{"1":{"line":25,"type":"binary-expr","locations":[{"start":{"line":25,"column":23},"end":{"line":25,"column":62}},{"start":{"line":26,"column":20},"end":{"line":26,"column":70}},{"start":{"line":27,"column":20},"end":{"line":27,"column":71}},{"start":{"line":28,"column":20},"end":{"line":28,"column":29}}]},"2":{"line":30,"type":"binary-expr","locations":[{"start":{"line":30,"column":23},"end":{"line":30,"column":37}},{"start":{"line":31,"column":20},"end":{"line":31,"column":61}},{"start":{"line":32,"column":20},"end":{"line":32,"column":70}},{"start":{"line":33,"column":20},"end":{"line":33,"column":26}}]},"3":{"line":37,"type":"cond-expr","locations":[{"start":{"line":38,"column":14},"end":{"line":38,"column":20}},{"start":{"line":39,"column":14},"end":{"line":39,"column":20}}]},"4":{"line":40,"type":"switch","locations":[{"start":{"line":42,"column":8},"end":{"line":47,"column":18}},{"start":{"line":49,"column":8},"end":{"line":52,"column":18}}]},"5":{"line":44,"type":"binary-expr","locations":[{"start":{"line":44,"column":16},"end":{"line":44,"column":44}},{"start":{"line":44,"column":48},"end":{"line":44,"column":66}}]},"6":{"line":50,"type":"binary-expr","locations":[{"start":{"line":50,"column":21},"end":{"line":50,"column":49}},{"start":{"line":50,"column":53},"end":{"line":50,"column":72}}]},"7":{"line":64,"type":"switch","locations":[{"start":{"line":69,"column":4},"end":{"line":70,"column":14}},{"start":{"line":75,"column":4},"end":{"line":76,"column":14}}]},"8":{"line":85,"type":"switch","locations":[{"start":{"line":90,"column":4},"end":{"line":105,"column":14}},{"start":{"line":111,"column":4},"end":{"line":193,"column":14},"skip":true}]},"9":{"line":91,"type":"binary-expr","locations":[{"start":{"line":91,"column":42},"end":{"line":91,"column":73}},{"start":{"line":91,"column":77},"end":{"line":99,"column":9}}]},"10":{"line":102,"type":"binary-expr","locations":[{"start":{"line":102,"column":18},"end":{"line":102,"column":32}},{"start":{"line":103,"column":12},"end":{"line":103,"column":53}},{"start":{"line":104,"column":12},"end":{"line":104,"column":61}}]},"11":{"line":112,"type":"binary-expr","locations":[{"start":{"line":112,"column":45},"end":{"line":112,"column":79},"skip":true},{"start":{"line":112,"column":83},"end":{"line":121,"column":9},"skip":true}]},"12":{"line":123,"type":"binary-expr","locations":[{"start":{"line":123,"column":42},"end":{"line":123,"column":73},"skip":true},{"start":{"line":123,"column":77},"end":{"line":136,"column":9},"skip":true}]},"13":{"line":138,"type":"binary-expr","locations":[{"start":{"line":138,"column":48},"end":{"line":138,"column":85},"skip":true},{"start":{"line":139,"column":12},"end":{"line":145,"column":13},"skip":true}]},"14":{"line":147,"type":"binary-expr","locations":[{"start":{"line":147,"column":42},"end":{"line":147,"column":73},"skip":true},{"start":{"line":147,"column":77},"end":{"line":156,"column":9},"skip":true}]},"15":{"line":158,"type":"binary-expr","locations":[{"start":{"line":158,"column":45},"end":{"line":158,"column":79},"skip":true},{"start":{"line":158,"column":83},"end":{"line":167,"column":9},"skip":true}]},"16":{"line":169,"type":"binary-expr","locations":[{"start":{"line":169,"column":43},"end":{"line":169,"column":75},"skip":true},{"start":{"line":169,"column":79},"end":{"line":178,"column":9},"skip":true}]},"17":{"line":180,"type":"binary-expr","locations":[{"start":{"line":180,"column":41},"end":{"line":180,"column":71},"skip":true},{"start":{"line":180,"column":75},"end":{"line":189,"column":9},"skip":true}]}},"code":["/* istanbul instrument in package npmtest_crx */","/*jslint","    bitwise: true,","    browser: true,","    maxerr: 8,","    maxlen: 96,","    node: true,","    nomen: true,","    regexp: true,","    stupid: true","*/","(function () {","    'use strict';","    var local;","","","","    // run shared js-env code - init-before","    (function () {","        // init local","        local = {};","        // init modeJs","        local.modeJs = (function () {","            try {","                return typeof navigator.userAgent === 'string' &&","                    typeof document.querySelector('body') === 'object' &&","                    typeof XMLHttpRequest.prototype.open === 'function' &&","                    'browser';","            } catch (errorCaughtBrowser) {","                return module.exports &&","                    typeof process.versions.node === 'string' &&","                    typeof require('http').createServer === 'function' &&","                    'node';","            }","        }());","        // init global","        local.global = local.modeJs === 'browser'","            ? window","            : global;","        switch (local.modeJs) {","        // re-init local from window.local","        case 'browser':","            local = local.global.utility2.objectSetDefault(","                local.global.utility2_rollup || local.global.local,","                local.global.utility2","            );","            break;","        // re-init local from example.js","        case 'node':","            local = (local.global.utility2_rollup || require('utility2'))","                .requireReadme();","            break;","        }","        // export local","        local.global.local = local;","    }());","","","","    // run shared js-env code - function","    (function () {","        return;","    }());","    switch (local.modeJs) {","","","","    // run browser js-env code - function","    case 'browser':","        break;","","","","    // run node js-env code - function","    case 'node':","        break;","    }","","","","    // run shared js-env code - init-after","    (function () {","        return;","    }());","    switch (local.modeJs) {","","","","    // run browser js-env code - init-after","    case 'browser':","        local.testCase_browser_nullCase = local.testCase_browser_nullCase || function (","            options,","            onError","        ) {","        /*","         * this function will test browsers's null-case handling-behavior-behavior","         */","            onError(null, options);","        };","","        // run tests","        local.nop(local.modeTest &&","            document.querySelector('#testRunButton1') &&","            document.querySelector('#testRunButton1').click());","        break;","","","","    // run node js-env code - init-after","    /* istanbul ignore next */","    case 'node':","        local.testCase_buildApidoc_default = local.testCase_buildApidoc_default || function (","            options,","            onError","        ) {","        /*","         * this function will test buildApidoc's default handling-behavior-behavior","         */","            options = { modulePathList: module.paths };","            local.buildApidoc(options, onError);","        };","","        local.testCase_buildApp_default = local.testCase_buildApp_default || function (","            options,","            onError","        ) {","        /*","         * this function will test buildApp's default handling-behavior-behavior","         */","            local.testCase_buildReadme_default(options, local.onErrorThrow);","            local.testCase_buildLib_default(options, local.onErrorThrow);","            local.testCase_buildTest_default(options, local.onErrorThrow);","            local.testCase_buildCustomOrg_default(options, local.onErrorThrow);","            options = [];","            local.buildApp(options, onError);","        };","","        local.testCase_buildCustomOrg_default = local.testCase_buildCustomOrg_default ||","            function (options, onError) {","            /*","             * this function will test buildCustomOrg's default handling-behavior","             */","                options = {};","                local.buildCustomOrg(options, onError);","            };","","        local.testCase_buildLib_default = local.testCase_buildLib_default || function (","            options,","            onError","        ) {","        /*","         * this function will test buildLib's default handling-behavior","         */","            options = {};","            local.buildLib(options, onError);","        };","","        local.testCase_buildReadme_default = local.testCase_buildReadme_default || function (","            options,","            onError","        ) {","        /*","         * this function will test buildReadme's default handling-behavior-behavior","         */","            options = {};","            local.buildReadme(options, onError);","        };","","        local.testCase_buildTest_default = local.testCase_buildTest_default || function (","            options,","            onError","        ) {","        /*","         * this function will test buildTest's default handling-behavior","         */","            options = {};","            local.buildTest(options, onError);","        };","","        local.testCase_webpage_default = local.testCase_webpage_default || function (","            options,","            onError","        ) {","        /*","         * this function will test webpage's default handling-behavior","         */","            options = { modeCoverageMerge: true, url: local.serverLocalHost + '?modeTest=1' };","            local.browserTest(options, onError);","        };","","        // run test-server","        local.testRunServer(local);","        break;","    }","}());",""],"l":{"12":2,"14":2,"19":2,"21":2,"23":2,"24":2,"25":2,"30":1,"37":2,"40":2,"43":1,"47":1,"50":1,"52":1,"55":2,"61":2,"62":2,"64":2,"70":1,"76":1,"82":2,"83":2,"85":2,"91":1,"98":1,"102":1,"105":1,"112":1,"119":1,"120":1,"123":1,"130":1,"131":1,"132":1,"133":1,"134":1,"135":1,"138":1,"143":2,"144":2,"147":1,"154":2,"155":2,"158":1,"165":2,"166":2,"169":1,"176":2,"177":2,"180":1,"187":1,"188":1,"192":1,"193":1}},"/home/travis/build/npmtest/node-npmtest-crx/lib.npmtest_crx.js":{"path":"/home/travis/build/npmtest/node-npmtest-crx/lib.npmtest_crx.js","s":{"1":2,"2":2,"3":2,"4":2,"5":2,"6":2,"7":2,"8":1,"9":2,"10":2,"11":2,"12":2,"13":1,"14":1,"15":1,"16":1},"b":{"1":[2,1,1,1],"2":[1,1,1,1],"3":[1,1],"4":[2,2],"5":[1,1]},"f":{"1":2,"2":2,"3":2},"fnMap":{"1":{"name":"(anonymous_1)","line":12,"loc":{"start":{"line":12,"column":1},"end":{"line":12,"column":13}}},"2":{"name":"(anonymous_2)","line":19,"loc":{"start":{"line":19,"column":5},"end":{"line":19,"column":17}}},"3":{"name":"(anonymous_3)","line":23,"loc":{"start":{"line":23,"column":24},"end":{"line":23,"column":36}}}},"statementMap":{"1":{"start":{"line":12,"column":0},"end":{"line":53,"column":5}},"2":{"start":{"line":14,"column":4},"end":{"line":14,"column":14}},"3":{"start":{"line":19,"column":4},"end":{"line":52,"column":9}},"4":{"start":{"line":21,"column":8},"end":{"line":21,"column":19}},"5":{"start":{"line":23,"column":8},"end":{"line":35,"column":13}},"6":{"start":{"line":24,"column":12},"end":{"line":34,"column":13}},"7":{"start":{"line":25,"column":16},"end":{"line":28,"column":30}},"8":{"start":{"line":30,"column":16},"end":{"line":33,"column":27}},"9":{"start":{"line":37,"column":8},"end":{"line":39,"column":21}},"10":{"start":{"line":41,"column":8},"end":{"line":41,"column":54}},"11":{"start":{"line":43,"column":8},"end":{"line":43,"column":48}},"12":{"start":{"line":45,"column":8},"end":{"line":51,"column":9}},"13":{"start":{"line":46,"column":12},"end":{"line":46,"column":54}},"14":{"start":{"line":48,"column":12},"end":{"line":48,"column":35}},"15":{"start":{"line":49,"column":12},"end":{"line":49,"column":49}},"16":{"start":{"line":50,"column":12},"end":{"line":50,"column":43}}},"branchMap":{"1":{"line":25,"type":"binary-expr","locations":[{"start":{"line":25,"column":23},"end":{"line":25,"column":62}},{"start":{"line":26,"column":20},"end":{"line":26,"column":70}},{"start":{"line":27,"column":20},"end":{"line":27,"column":71}},{"start":{"line":28,"column":20},"end":{"line":28,"column":29}}]},"2":{"line":30,"type":"binary-expr","locations":[{"start":{"line":30,"column":23},"end":{"line":30,"column":37}},{"start":{"line":31,"column":20},"end":{"line":31,"column":61}},{"start":{"line":32,"column":20},"end":{"line":32,"column":70}},{"start":{"line":33,"column":20},"end":{"line":33,"column":26}}]},"3":{"line":37,"type":"cond-expr","locations":[{"start":{"line":38,"column":14},"end":{"line":38,"column":20}},{"start":{"line":39,"column":14},"end":{"line":39,"column":20}}]},"4":{"line":41,"type":"binary-expr","locations":[{"start":{"line":41,"column":16},"end":{"line":41,"column":44}},{"start":{"line":41,"column":48},"end":{"line":41,"column":53}}]},"5":{"line":45,"type":"if","locations":[{"start":{"line":45,"column":8},"end":{"line":45,"column":8}},{"start":{"line":45,"column":8},"end":{"line":45,"column":8}}]}},"code":["/* istanbul instrument in package npmtest_crx */","/*jslint","    bitwise: true,","    browser: true,","    maxerr: 8,","    maxlen: 96,","    node: true,","    nomen: true,","    regexp: true,","    stupid: true","*/","(function () {","    'use strict';","    var local;","","","","    // run shared js-env code - init-before","    (function () {","        // init local","        local = {};","        // init modeJs","        local.modeJs = (function () {","            try {","                return typeof navigator.userAgent === 'string' &&","                    typeof document.querySelector('body') === 'object' &&","                    typeof XMLHttpRequest.prototype.open === 'function' &&","                    'browser';","            } catch (errorCaughtBrowser) {","                return module.exports &&","                    typeof process.versions.node === 'string' &&","                    typeof require('http').createServer === 'function' &&","                    'node';","            }","        }());","        // init global","        local.global = local.modeJs === 'browser'","            ? window","            : global;","        // init utility2_rollup","        local = local.global.utility2_rollup || local;","        // init lib","        local.local = local.npmtest_crx = local;","        // init exports","        if (local.modeJs === 'browser') {","            local.global.utility2_npmtest_crx = local;","        } else {","            module.exports = local;","            module.exports.__dirname = __dirname;","            module.exports.module = module;","        }","    }());","}());",""],"l":{"12":2,"14":2,"19":2,"21":2,"23":2,"24":2,"25":2,"30":1,"37":2,"41":2,"43":2,"45":2,"46":1,"48":1,"49":1,"50":1}},"/home/travis/build/npmtest/node-npmtest-crx/example.js":{"path":"/home/travis/build/npmtest/node-npmtest-crx/example.js","s":{"1":2,"2":2,"3":2,"4":2,"5":2,"6":2,"7":2,"8":1,"9":2,"10":2,"11":2,"12":2,"13":1,"14":2,"15":2,"16":2,"17":2,"18":2,"19":0,"20":2,"21":1,"22":1,"23":1,"24":1,"25":1,"26":0,"27":0,"28":1,"29":1,"30":2,"31":0,"32":0,"33":0,"34":1,"35":2,"36":2,"37":3,"38":3,"39":3,"40":3,"41":0,"42":3,"43":3,"44":3,"45":1,"46":3,"47":1,"48":1,"49":1,"50":1,"51":1,"52":1,"53":1,"54":1,"55":1,"56":1,"57":0,"58":1,"59":6,"60":6,"61":1,"62":2,"63":0,"64":2,"65":1,"66":1,"67":0,"68":0,"69":0,"70":0,"71":0,"72":0,"73":0,"74":0,"75":0,"76":0,"77":0,"78":0,"79":0,"80":0,"81":0,"82":0,"83":0},"b":{"1":[2,1,1,1],"2":[1,1,1,1],"3":[1,1],"4":[2,2],"5":[1,1],"6":[1,1],"7":[2,0],"8":[2,1,1,1,1,1],"9":[0,2,0],"10":[1,1],"11":[2,1,1],"12":[1,0],"13":[0,2],"14":[2,0,0,0,0,0,0],"15":[0,3],"16":[3,0],"17":[1,1],"18":[0,1],"19":[1,2,0,2],"20":[1,0],"21":[1,1],"22":[0,0],"23":[0,0],"24":[0,0],"25":[0,0],"26":[0,0],"27":[0,0],"28":[0,0]},"f":{"1":2,"2":2,"3":2,"4":2,"5":2,"6":2,"7":3,"8":3,"9":3,"10":1,"11":6,"12":0},"fnMap":{"1":{"name":"(anonymous_1)","line":26,"loc":{"start":{"line":26,"column":1},"end":{"line":26,"column":13}}},"2":{"name":"(anonymous_2)","line":33,"loc":{"start":{"line":33,"column":5},"end":{"line":33,"column":17}}},"3":{"name":"(anonymous_3)","line":37,"loc":{"start":{"line":37,"column":24},"end":{"line":37,"column":36}}},"4":{"name":"(anonymous_4)","line":69,"loc":{"start":{"line":69,"column":31},"end":{"line":69,"column":48}},"skip":true},"5":{"name":"(anonymous_5)","line":78,"loc":{"start":{"line":78,"column":26},"end":{"line":78,"column":45}},"skip":true},"6":{"name":"(anonymous_6)","line":123,"loc":{"start":{"line":123,"column":33},"end":{"line":123,"column":48}},"skip":true},"7":{"name":"(anonymous_7)","line":125,"loc":{"start":{"line":125,"column":27},"end":{"line":125,"column":39}},"skip":true},"8":{"name":"(anonymous_8)","line":133,"loc":{"start":{"line":133,"column":59},"end":{"line":133,"column":74}},"skip":true},"9":{"name":"(anonymous_9)","line":143,"loc":{"start":{"line":143,"column":45},"end":{"line":143,"column":62}},"skip":true},"10":{"name":"(anonymous_10)","line":144,"loc":{"start":{"line":144,"column":73},"end":{"line":144,"column":92}},"skip":true},"11":{"name":"(anonymous_11)","line":272,"loc":{"start":{"line":272,"column":51},"end":{"line":272,"column":77}},"skip":true},"12":{"name":"(anonymous_12)","line":315,"loc":{"start":{"line":315,"column":32},"end":{"line":315,"column":61}},"skip":true}},"statementMap":{"1":{"start":{"line":26,"column":0},"end":{"line":326,"column":5}},"2":{"start":{"line":28,"column":4},"end":{"line":28,"column":14}},"3":{"start":{"line":33,"column":4},"end":{"line":60,"column":9}},"4":{"start":{"line":35,"column":8},"end":{"line":35,"column":19}},"5":{"start":{"line":37,"column":8},"end":{"line":49,"column":13}},"6":{"start":{"line":38,"column":12},"end":{"line":48,"column":13}},"7":{"start":{"line":39,"column":16},"end":{"line":42,"column":30}},"8":{"start":{"line":44,"column":16},"end":{"line":47,"column":27}},"9":{"start":{"line":51,"column":8},"end":{"line":53,"column":21}},"10":{"start":{"line":55,"column":8},"end":{"line":57,"column":45}},"11":{"start":{"line":59,"column":8},"end":{"line":59,"column":35}},"12":{"start":{"line":61,"column":4},"end":{"line":325,"column":5}},"13":{"start":{"line":69,"column":8},"end":{"line":121,"column":10},"skip":true},"14":{"start":{"line":70,"column":12},"end":{"line":88,"column":13},"skip":true},"15":{"start":{"line":76,"column":16},"end":{"line":87,"column":19},"skip":true},"16":{"start":{"line":79,"column":20},"end":{"line":86,"column":21},"skip":true},"17":{"start":{"line":82,"column":24},"end":{"line":82,"column":43},"skip":true},"18":{"start":{"line":83,"column":24},"end":{"line":83,"column":30},"skip":true},"19":{"start":{"line":85,"column":24},"end":{"line":85,"column":49},"skip":true},"20":{"start":{"line":89,"column":12},"end":{"line":107,"column":13},"skip":true},"21":{"start":{"line":92,"column":16},"end":{"line":102,"column":17},"skip":true},"22":{"start":{"line":93,"column":20},"end":{"line":93,"column":86},"skip":true},"23":{"start":{"line":94,"column":20},"end":{"line":95,"column":45},"skip":true},"24":{"start":{"line":96,"column":20},"end":{"line":96,"column":42},"skip":true},"25":{"start":{"line":97,"column":20},"end":{"line":97,"column":48},"skip":true},"26":{"start":{"line":100,"column":20},"end":{"line":100,"column":85},"skip":true},"27":{"start":{"line":101,"column":20},"end":{"line":101,"column":96},"skip":true},"28":{"start":{"line":103,"column":16},"end":{"line":103,"column":22},"skip":true},"29":{"start":{"line":106,"column":16},"end":{"line":106,"column":22},"skip":true},"30":{"start":{"line":108,"column":12},"end":{"line":120,"column":13},"skip":true},"31":{"start":{"line":114,"column":16},"end":{"line":119,"column":17},"skip":true},"32":{"start":{"line":116,"column":20},"end":{"line":116,"column":78},"skip":true},"33":{"start":{"line":118,"column":20},"end":{"line":118,"column":47},"skip":true},"34":{"start":{"line":123,"column":8},"end":{"line":141,"column":11},"skip":true},"35":{"start":{"line":124,"column":12},"end":{"line":124,"column":54},"skip":true},"36":{"start":{"line":125,"column":12},"end":{"line":140,"column":14},"skip":true},"37":{"start":{"line":126,"column":16},"end":{"line":126,"column":28},"skip":true},"38":{"start":{"line":127,"column":16},"end":{"line":127,"column":69},"skip":true},"39":{"start":{"line":128,"column":16},"end":{"line":128,"column":75},"skip":true},"40":{"start":{"line":129,"column":16},"end":{"line":131,"column":17},"skip":true},"41":{"start":{"line":130,"column":20},"end":{"line":130,"column":27},"skip":true},"42":{"start":{"line":133,"column":16},"end":{"line":137,"column":36},"skip":true},"43":{"start":{"line":134,"column":20},"end":{"line":136,"column":55},"skip":true},"44":{"start":{"line":139,"column":16},"end":{"line":139,"column":57},"skip":true},"45":{"start":{"line":143,"column":8},"end":{"line":147,"column":11},"skip":true},"46":{"start":{"line":144,"column":12},"end":{"line":146,"column":15},"skip":true},"47":{"start":{"line":145,"column":16},"end":{"line":145,"column":70},"skip":true},"48":{"start":{"line":149,"column":8},"end":{"line":149,"column":31},"skip":true},"49":{"start":{"line":150,"column":8},"end":{"line":150,"column":14},"skip":true},"50":{"start":{"line":158,"column":8},"end":{"line":158,"column":31},"skip":true},"51":{"start":{"line":160,"column":8},"end":{"line":160,"column":33},"skip":true},"52":{"start":{"line":161,"column":8},"end":{"line":161,"column":37},"skip":true},"53":{"start":{"line":162,"column":8},"end":{"line":162,"column":35},"skip":true},"54":{"start":{"line":164,"column":8},"end":{"line":164,"column":50},"skip":true},"55":{"start":{"line":166,"column":8},"end":{"line":256,"column":2},"skip":true},"56":{"start":{"line":258,"column":8},"end":{"line":286,"column":9},"skip":true},"57":{"start":{"line":259,"column":12},"end":{"line":269,"column":14},"skip":true},"58":{"start":{"line":271,"column":12},"end":{"line":285,"column":19},"skip":true},"59":{"start":{"line":274,"column":20},"end":{"line":274,"column":35},"skip":true},"60":{"start":{"line":275,"column":20},"end":{"line":284,"column":21},"skip":true},"61":{"start":{"line":277,"column":24},"end":{"line":277,"column":64},"skip":true},"62":{"start":{"line":279,"column":24},"end":{"line":279,"column":40},"skip":true},"63":{"start":{"line":281,"column":24},"end":{"line":281,"column":40},"skip":true},"64":{"start":{"line":283,"column":24},"end":{"line":283,"column":39},"skip":true},"65":{"start":{"line":288,"column":8},"end":{"line":290,"column":9},"skip":true},"66":{"start":{"line":289,"column":12},"end":{"line":289,"column":18},"skip":true},"67":{"start":{"line":291,"column":8},"end":{"line":293,"column":54},"skip":true},"68":{"start":{"line":296,"column":8},"end":{"line":301,"column":37},"skip":true},"69":{"start":{"line":303,"column":8},"end":{"line":303,"column":82},"skip":true},"70":{"start":{"line":306,"column":8},"end":{"line":308,"column":9},"skip":true},"71":{"start":{"line":307,"column":12},"end":{"line":307,"column":82},"skip":true},"72":{"start":{"line":310,"column":8},"end":{"line":312,"column":9},"skip":true},"73":{"start":{"line":311,"column":12},"end":{"line":311,"column":18},"skip":true},"74":{"start":{"line":313,"column":8},"end":{"line":313,"column":54},"skip":true},"75":{"start":{"line":314,"column":8},"end":{"line":314,"column":69},"skip":true},"76":{"start":{"line":315,"column":8},"end":{"line":323,"column":36},"skip":true},"77":{"start":{"line":316,"column":12},"end":{"line":316,"column":61},"skip":true},"78":{"start":{"line":317,"column":12},"end":{"line":320,"column":13},"skip":true},"79":{"start":{"line":318,"column":16},"end":{"line":318,"column":75},"skip":true},"80":{"start":{"line":319,"column":16},"end":{"line":319,"column":23},"skip":true},"81":{"start":{"line":321,"column":12},"end":{"line":321,"column":38},"skip":true},"82":{"start":{"line":322,"column":12},"end":{"line":322,"column":27},"skip":true},"83":{"start":{"line":324,"column":8},"end":{"line":324,"column":14},"skip":true}},"branchMap":{"1":{"line":39,"type":"binary-expr","locations":[{"start":{"line":39,"column":23},"end":{"line":39,"column":62}},{"start":{"line":40,"column":20},"end":{"line":40,"column":70}},{"start":{"line":41,"column":20},"end":{"line":41,"column":71}},{"start":{"line":42,"column":20},"end":{"line":42,"column":29}}]},"2":{"line":44,"type":"binary-expr","locations":[{"start":{"line":44,"column":23},"end":{"line":44,"column":37}},{"start":{"line":45,"column":20},"end":{"line":45,"column":61}},{"start":{"line":46,"column":20},"end":{"line":46,"column":70}},{"start":{"line":47,"column":20},"end":{"line":47,"column":26}}]},"3":{"line":51,"type":"cond-expr","locations":[{"start":{"line":52,"column":14},"end":{"line":52,"column":20}},{"start":{"line":53,"column":14},"end":{"line":53,"column":20}}]},"4":{"line":55,"type":"binary-expr","locations":[{"start":{"line":55,"column":16},"end":{"line":55,"column":44}},{"start":{"line":55,"column":49},"end":{"line":57,"column":43}}]},"5":{"line":55,"type":"cond-expr","locations":[{"start":{"line":56,"column":14},"end":{"line":56,"column":47}},{"start":{"line":57,"column":14},"end":{"line":57,"column":43}}]},"6":{"line":61,"type":"switch","locations":[{"start":{"line":68,"column":4},"end":{"line":150,"column":14},"skip":true},{"start":{"line":156,"column":4},"end":{"line":324,"column":14},"skip":true}]},"7":{"line":70,"type":"if","locations":[{"start":{"line":70,"column":12},"end":{"line":70,"column":12},"skip":true},{"start":{"line":70,"column":12},"end":{"line":70,"column":12},"skip":true}]},"8":{"line":70,"type":"binary-expr","locations":[{"start":{"line":70,"column":16},"end":{"line":70,"column":22},"skip":true},{"start":{"line":70,"column":27},"end":{"line":70,"column":32},"skip":true},{"start":{"line":71,"column":20},"end":{"line":71,"column":39},"skip":true},{"start":{"line":72,"column":20},"end":{"line":72,"column":49},"skip":true},{"start":{"line":73,"column":20},"end":{"line":73,"column":58},"skip":true},{"start":{"line":74,"column":20},"end":{"line":74,"column":69},"skip":true}]},"9":{"line":79,"type":"switch","locations":[{"start":{"line":80,"column":20},"end":{"line":80,"column":33},"skip":true},{"start":{"line":81,"column":20},"end":{"line":83,"column":30},"skip":true},{"start":{"line":84,"column":20},"end":{"line":85,"column":49},"skip":true}]},"10":{"line":89,"type":"switch","locations":[{"start":{"line":90,"column":12},"end":{"line":103,"column":22},"skip":true},{"start":{"line":105,"column":12},"end":{"line":106,"column":22},"skip":true}]},"11":{"line":89,"type":"binary-expr","locations":[{"start":{"line":89,"column":20},"end":{"line":89,"column":25},"skip":true},{"start":{"line":89,"column":29},"end":{"line":89,"column":48},"skip":true},{"start":{"line":89,"column":52},"end":{"line":89,"column":74},"skip":true}]},"12":{"line":92,"type":"if","locations":[{"start":{"line":92,"column":16},"end":{"line":92,"column":16},"skip":true},{"start":{"line":92,"column":16},"end":{"line":92,"column":16},"skip":true}]},"13":{"line":108,"type":"if","locations":[{"start":{"line":108,"column":12},"end":{"line":108,"column":12},"skip":true},{"start":{"line":108,"column":12},"end":{"line":108,"column":12},"skip":true}]},"14":{"line":108,"type":"binary-expr","locations":[{"start":{"line":108,"column":16},"end":{"line":108,"column":61},"skip":true},{"start":{"line":108,"column":66},"end":{"line":108,"column":72},"skip":true},{"start":{"line":108,"column":77},"end":{"line":108,"column":82},"skip":true},{"start":{"line":109,"column":20},"end":{"line":109,"column":39},"skip":true},{"start":{"line":110,"column":20},"end":{"line":110,"column":49},"skip":true},{"start":{"line":111,"column":20},"end":{"line":111,"column":58},"skip":true},{"start":{"line":112,"column":20},"end":{"line":112,"column":68},"skip":true}]},"15":{"line":129,"type":"if","locations":[{"start":{"line":129,"column":16},"end":{"line":129,"column":16},"skip":true},{"start":{"line":129,"column":16},"end":{"line":129,"column":16},"skip":true}]},"16":{"line":134,"type":"cond-expr","locations":[{"start":{"line":135,"column":26},"end":{"line":135,"column":29},"skip":true},{"start":{"line":136,"column":26},"end":{"line":136,"column":54},"skip":true}]},"17":{"line":164,"type":"binary-expr","locations":[{"start":{"line":164,"column":27},"end":{"line":164,"column":43},"skip":true},{"start":{"line":164,"column":47},"end":{"line":164,"column":49},"skip":true}]},"18":{"line":258,"type":"if","locations":[{"start":{"line":258,"column":8},"end":{"line":258,"column":8},"skip":true},{"start":{"line":258,"column":8},"end":{"line":258,"column":8},"skip":true}]},"19":{"line":275,"type":"switch","locations":[{"start":{"line":276,"column":20},"end":{"line":277,"column":64},"skip":true},{"start":{"line":278,"column":20},"end":{"line":279,"column":40},"skip":true},{"start":{"line":280,"column":20},"end":{"line":281,"column":40},"skip":true},{"start":{"line":282,"column":20},"end":{"line":283,"column":39},"skip":true}]},"20":{"line":288,"type":"if","locations":[{"start":{"line":288,"column":8},"end":{"line":288,"column":8},"skip":true},{"start":{"line":288,"column":8},"end":{"line":288,"column":8},"skip":true}]},"21":{"line":288,"type":"binary-expr","locations":[{"start":{"line":288,"column":12},"end":{"line":288,"column":40},"skip":true},{"start":{"line":288,"column":44},"end":{"line":288,"column":67},"skip":true}]},"22":{"line":292,"type":"binary-expr","locations":[{"start":{"line":292,"column":12},"end":{"line":292,"column":50},"skip":true},{"start":{"line":293,"column":12},"end":{"line":293,"column":53},"skip":true}]},"23":{"line":297,"type":"binary-expr","locations":[{"start":{"line":297,"column":12},"end":{"line":297,"column":61},"skip":true},{"start":{"line":298,"column":12},"end":{"line":301,"column":36},"skip":true}]},"24":{"line":303,"type":"binary-expr","locations":[{"start":{"line":303,"column":43},"end":{"line":303,"column":75},"skip":true},{"start":{"line":303,"column":79},"end":{"line":303,"column":81},"skip":true}]},"25":{"line":306,"type":"if","locations":[{"start":{"line":306,"column":8},"end":{"line":306,"column":8},"skip":true},{"start":{"line":306,"column":8},"end":{"line":306,"column":8},"skip":true}]},"26":{"line":310,"type":"if","locations":[{"start":{"line":310,"column":8},"end":{"line":310,"column":8},"skip":true},{"start":{"line":310,"column":8},"end":{"line":310,"column":8},"skip":true}]},"27":{"line":313,"type":"binary-expr","locations":[{"start":{"line":313,"column":27},"end":{"line":313,"column":43},"skip":true},{"start":{"line":313,"column":47},"end":{"line":313,"column":53},"skip":true}]},"28":{"line":317,"type":"if","locations":[{"start":{"line":317,"column":12},"end":{"line":317,"column":12},"skip":true},{"start":{"line":317,"column":12},"end":{"line":317,"column":12},"skip":true}]}},"code":["/*","example.js","","quickstart example","","instruction","    1. save this script as example.js","    2. run the shell command:","        $ npm install npmtest-crx && PORT=8081 node example.js","    3. play with the browser-demo on http://127.0.0.1:8081","*/","","","","/* istanbul instrument in package npmtest_crx */","/*jslint","    bitwise: true,","    browser: true,","    maxerr: 8,","    maxlen: 96,","    node: true,","    nomen: true,","    regexp: true,","    stupid: true","*/","(function () {","    'use strict';","    var local;","","","","    // run shared js-env code - init-before","    (function () {","        // init local","        local = {};","        // init modeJs","        local.modeJs = (function () {","            try {","                return typeof navigator.userAgent === 'string' &&","                    typeof document.querySelector('body') === 'object' &&","                    typeof XMLHttpRequest.prototype.open === 'function' &&","                    'browser';","            } catch (errorCaughtBrowser) {","                return module.exports &&","                    typeof process.versions.node === 'string' &&","                    typeof require('http').createServer === 'function' &&","                    'node';","            }","        }());","        // init global","        local.global = local.modeJs === 'browser'","            ? window","            : global;","        // init utility2_rollup","        local = local.global.utility2_rollup || (local.modeJs === 'browser'","            ? local.global.utility2_npmtest_crx","            : global.utility2_moduleExports);","        // export local","        local.global.local = local;","    }());","    switch (local.modeJs) {","","","","    // init-after","    // run browser js-env code - init-after","    /* istanbul ignore next */","    case 'browser':","        local.testRunBrowser = function (event) {","            if (!event || (event &&","                    event.currentTarget &&","                    event.currentTarget.className &&","                    event.currentTarget.className.includes &&","                    event.currentTarget.className.includes('onreset'))) {","                // reset output","                Array.from(","                    document.querySelectorAll('body > .resettable')","                ).forEach(function (element) {","                    switch (element.tagName) {","                    case 'INPUT':","                    case 'TEXTAREA':","                        element.value = '';","                        break;","                    default:","                        element.textContent = '';","                    }","                });","            }","            switch (event && event.currentTarget && event.currentTarget.id) {","            case 'testRunButton1':","                // show tests","                if (document.querySelector('#testReportDiv1').style.display === 'none') {","                    document.querySelector('#testReportDiv1').style.display = 'block';","                    document.querySelector('#testRunButton1').textContent =","                        'hide internal test';","                    local.modeTest = true;","                    local.testRunDefault(local);","                // hide tests","                } else {","                    document.querySelector('#testReportDiv1').style.display = 'none';","                    document.querySelector('#testRunButton1').textContent = 'run internal test';","                }","                break;","            // custom-case","            default:","                break;","            }","            if (document.querySelector('#inputTextareaEval1') && (!event || (event &&","                    event.currentTarget &&","                    event.currentTarget.className &&","                    event.currentTarget.className.includes &&","                    event.currentTarget.className.includes('oneval')))) {","                // try to eval input-code","                try {","                    /*jslint evil: true*/","                    eval(document.querySelector('#inputTextareaEval1').value);","                } catch (errorCaught) {","                    console.error(errorCaught);","                }","            }","        };","        // log stderr and stdout to #outputTextareaStdout1","        ['error', 'log'].forEach(function (key) {","            console[key + '_original'] = console[key];","            console[key] = function () {","                var element;","                console[key + '_original'].apply(console, arguments);","                element = document.querySelector('#outputTextareaStdout1');","                if (!element) {","                    return;","                }","                // append text to #outputTextareaStdout1","                element.value += Array.from(arguments).map(function (arg) {","                    return typeof arg === 'string'","                        ? arg","                        : JSON.stringify(arg, null, 4);","                }).join(' ') + '\\n';","                // scroll textarea to bottom","                element.scrollTop = element.scrollHeight;","            };","        });","        // init event-handling","        ['change', 'click', 'keyup'].forEach(function (event) {","            Array.from(document.querySelectorAll('.on' + event)).forEach(function (element) {","                element.addEventListener(event, local.testRunBrowser);","            });","        });","        // run tests","        local.testRunBrowser();","        break;","","","","    // run node js-env code - init-after","    /* istanbul ignore next */","    case 'node':","        // export local","        module.exports = local;","        // require modules","        local.fs = require('fs');","        local.http = require('http');","        local.url = require('url');","        // init assets","        local.assetsDict = local.assetsDict || {};","        /* jslint-ignore-begin */","        local.assetsDict['/assets.index.template.html'] = '\\","<!doctype html>\\n\\","<html lang=\"en\">\\n\\","<head>\\n\\","<meta charset=\"UTF-8\">\\n\\","<meta name=\"viewport\" content=\"width=device-width, initial-scale=1\">\\n\\","<title>{{env.npm_package_name}} (v{{env.npm_package_version}})</title>\\n\\","<style>\\n\\","/*csslint\\n\\","    box-sizing: false,\\n\\","    universal-selector: false\\n\\","*/\\n\\","* {\\n\\","    box-sizing: border-box;\\n\\","}\\n\\","body {\\n\\","    background: #dde;\\n\\","    font-family: Arial, Helvetica, sans-serif;\\n\\","    margin: 2rem;\\n\\","}\\n\\","body > * {\\n\\","    margin-bottom: 1rem;\\n\\","}\\n\\",".utility2FooterDiv {\\n\\","    margin-top: 20px;\\n\\","    text-align: center;\\n\\","}\\n\\","</style>\\n\\","<style>\\n\\","/*csslint\\n\\","*/\\n\\","textarea {\\n\\","    font-family: monospace;\\n\\","    height: 10rem;\\n\\","    width: 100%;\\n\\","}\\n\\","textarea[readonly] {\\n\\","    background: #ddd;\\n\\","}\\n\\","</style>\\n\\","</head>\\n\\","<body>\\n\\","<!-- utility2-comment\\n\\","<div id=\"ajaxProgressDiv1\" style=\"background: #d00; height: 2px; left: 0; margin: 0; padding: 0; position: fixed; top: 0; transition: background 0.5s, width 1.5s; width: 25%;\"></div>\\n\\","utility2-comment -->\\n\\","<h1>\\n\\","<!-- utility2-comment\\n\\","    <a\\n\\","        {{#if env.npm_package_homepage}}\\n\\","        href=\"{{env.npm_package_homepage}}\"\\n\\","        {{/if env.npm_package_homepage}}\\n\\","        target=\"_blank\"\\n\\","    >\\n\\","utility2-comment -->\\n\\","        {{env.npm_package_name}} (v{{env.npm_package_version}})\\n\\","<!-- utility2-comment\\n\\","    </a>\\n\\","utility2-comment -->\\n\\","</h1>\\n\\","<h3>{{env.npm_package_description}}</h3>\\n\\","<!-- utility2-comment\\n\\","<h4><a download href=\"assets.app.js\">download standalone app</a></h4>\\n\\","<button class=\"onclick onreset\" id=\"testRunButton1\">run internal test</button><br>\\n\\","<div id=\"testReportDiv1\" style=\"display: none;\"></div>\\n\\","utility2-comment -->\\n\\","\\n\\","\\n\\","\\n\\","<label>stderr and stdout</label>\\n\\","<textarea class=\"resettable\" id=\"outputTextareaStdout1\" readonly></textarea>\\n\\","<!-- utility2-comment\\n\\","{{#if isRollup}}\\n\\","<script src=\"assets.app.js\"></script>\\n\\","{{#unless isRollup}}\\n\\","utility2-comment -->\\n\\","<script src=\"assets.utility2.rollup.js\"></script>\\n\\","<script src=\"jsonp.utility2._stateInit?callback=window.utility2._stateInit\"></script>\\n\\","<script src=\"assets.npmtest_crx.rollup.js\"></script>\\n\\","<script src=\"assets.example.js\"></script>\\n\\","<script src=\"assets.test.js\"></script>\\n\\","<!-- utility2-comment\\n\\","{{/if isRollup}}\\n\\","utility2-comment -->\\n\\","<div class=\"utility2FooterDiv\">\\n\\","    [ this app was created with\\n\\","    <a href=\"https://github.com/kaizhu256/node-utility2\" target=\"_blank\">utility2</a>\\n\\","    ]\\n\\","</div>\\n\\","</body>\\n\\","</html>\\n\\","';","        /* jslint-ignore-end */","        if (local.templateRender) {","            local.assetsDict['/'] = local.templateRender(","                local.assetsDict['/assets.index.template.html'],","                {","                    env: local.objectSetDefault(local.env, {","                        npm_package_description: 'the greatest app in the world!',","                        npm_package_name: 'my-app',","                        npm_package_nameAlias: 'my_app',","                        npm_package_version: '0.0.1'","                    })","                }","            );","        } else {","            local.assetsDict['/'] = local.assetsDict['/assets.index.template.html']","                .replace((/\\{\\{env\\.(\\w+?)\\}\\}/g), function (match0, match1) {","                    // jslint-hack","                    String(match0);","                    switch (match1) {","                    case 'npm_package_description':","                        return 'the greatest app in the world!';","                    case 'npm_package_name':","                        return 'my-app';","                    case 'npm_package_nameAlias':","                        return 'my_app';","                    case 'npm_package_version':","                        return '0.0.1';","                    }","                });","        }","        // run the cli","        if (local.global.utility2_rollup || module !== require.main) {","            break;","        }","        local.assetsDict['/assets.example.js'] =","            local.assetsDict['/assets.example.js'] ||","            local.fs.readFileSync(__filename, 'utf8');","        // bug-workaround - long $npm_package_buildCustomOrg","        /* jslint-ignore-begin */","        local.assetsDict['/assets.npmtest_crx.rollup.js'] =","            local.assetsDict['/assets.npmtest_crx.rollup.js'] ||","            local.fs.readFileSync(","                local.npmtest_crx.__dirname + '/lib.npmtest_crx.js',","                'utf8'","            ).replace((/^#!/), '//');","        /* jslint-ignore-end */","        local.assetsDict['/favicon.ico'] = local.assetsDict['/favicon.ico'] || '';","        // if $npm_config_timeout_exit exists,","        // then exit this process after $npm_config_timeout_exit ms","        if (Number(process.env.npm_config_timeout_exit)) {","            setTimeout(process.exit, Number(process.env.npm_config_timeout_exit));","        }","        // start server","        if (local.global.utility2_serverHttp1) {","            break;","        }","        process.env.PORT = process.env.PORT || '8081';","        console.error('server starting on port ' + process.env.PORT);","        local.http.createServer(function (request, response) {","            request.urlParsed = local.url.parse(request.url);","            if (local.assetsDict[request.urlParsed.pathname] !== undefined) {","                response.end(local.assetsDict[request.urlParsed.pathname]);","                return;","            }","            response.statusCode = 404;","            response.end();","        }).listen(process.env.PORT);","        break;","    }","}());",""],"l":{"26":2,"28":2,"33":2,"35":2,"37":2,"38":2,"39":2,"44":1,"51":2,"55":2,"59":2,"61":2,"69":1,"70":2,"76":2,"79":2,"82":2,"83":2,"85":1,"89":2,"92":1,"93":1,"94":1,"96":1,"97":1,"100":1,"101":1,"103":1,"106":1,"108":2,"114":1,"116":1,"118":1,"123":1,"124":2,"125":2,"126":3,"127":3,"128":3,"129":3,"130":1,"133":3,"134":3,"139":3,"143":1,"144":3,"145":1,"149":1,"150":1,"158":1,"160":1,"161":1,"162":1,"164":1,"166":1,"258":1,"259":1,"271":1,"274":6,"275":6,"277":1,"279":2,"281":1,"283":2,"288":1,"289":1,"291":1,"296":1,"303":1,"306":1,"307":1,"310":1,"311":1,"313":1,"314":1,"315":1,"316":1,"317":1,"318":1,"319":1,"321":1,"322":1,"324":1}},"/home/travis/build/npmtest/node-npmtest-crx/node_modules/crx/src/crx.js":{"path":"/home/travis/build/npmtest/node-npmtest-crx/node_modules/crx/src/crx.js","s":{"1":1,"2":1,"3":1,"4":1,"5":1,"6":1,"7":1,"8":1,"9":1,"10":0,"11":0,"12":0,"13":0,"14":0,"15":0,"16":0,"17":0,"18":0,"19":0,"20":0,"21":0,"22":1,"23":0,"24":0,"25":0,"26":0,"27":0,"28":0,"29":0,"30":0,"31":0,"32":0,"33":0,"34":0,"35":0,"36":0,"37":0,"38":0,"39":0,"40":0,"41":0,"42":0,"43":0,"44":0,"45":0,"46":0,"47":0,"48":0,"49":0,"50":0,"51":0,"52":0,"53":0,"54":0,"55":0,"56":0,"57":0,"58":0,"59":0,"60":0,"61":0,"62":0,"63":0,"64":0,"65":0,"66":0,"67":0,"68":0,"69":0,"70":0,"71":0,"72":0,"73":0,"74":0,"75":0,"76":0,"77":0,"78":0,"79":0,"80":0,"81":0,"82":0,"83":0,"84":0,"85":0,"86":1},"b":{"1":[0,0],"2":[0,0],"3":[0,0],"4":[0,0],"5":[0,0],"6":[0,0],"7":[0,0],"8":[0,0],"9":[0,0],"10":[0,0],"11":[0,0],"12":[0,0]},"f":{"1":0,"2":0,"3":0,"4":0,"5":0,"6":0,"7":0,"8":0,"9":0,"10":0,"11":0,"12":0,"13":0,"14":0,"15":0,"16":0,"17":0,"18":0,"19":0},"fnMap":{"1":{"name":"ChromeExtension","line":13,"loc":{"start":{"line":13,"column":0},"end":{"line":13,"column":32}}},"2":{"name":"(anonymous_2)","line":59,"loc":{"start":{"line":59,"column":8},"end":{"line":59,"column":34}}},"3":{"name":"(anonymous_3)","line":70,"loc":{"start":{"line":70,"column":35},"end":{"line":70,"column":52}}},"4":{"name":"(anonymous_4)","line":88,"loc":{"start":{"line":88,"column":8},"end":{"line":88,"column":24}}},"5":{"name":"(anonymous_5)","line":92,"loc":{"start":{"line":92,"column":12},"end":{"line":92,"column":30}}},"6":{"name":"(anonymous_6)","line":111,"loc":{"start":{"line":111,"column":13},"end":{"line":111,"column":35}}},"7":{"name":"(anonymous_7)","line":115,"loc":{"start":{"line":115,"column":23},"end":{"line":115,"column":48}},"skip":true},"8":{"name":"(anonymous_8)","line":116,"loc":{"start":{"line":116,"column":34},"end":{"line":116,"column":49}},"skip":true},"9":{"name":"(anonymous_9)","line":139,"loc":{"start":{"line":139,"column":21},"end":{"line":139,"column":33}}},"10":{"name":"(anonymous_10)","line":142,"loc":{"start":{"line":142,"column":23},"end":{"line":142,"column":48}}},"11":{"name":"(anonymous_11)","line":161,"loc":{"start":{"line":161,"column":21},"end":{"line":161,"column":41}}},"12":{"name":"(anonymous_12)","line":177,"loc":{"start":{"line":177,"column":16},"end":{"line":177,"column":28}}},"13":{"name":"(anonymous_13)","line":180,"loc":{"start":{"line":180,"column":23},"end":{"line":180,"column":48}}},"14":{"name":"(anonymous_14)","line":197,"loc":{"start":{"line":197,"column":25},"end":{"line":197,"column":40}}},"15":{"name":"(anonymous_15)","line":201,"loc":{"start":{"line":201,"column":27},"end":{"line":201,"column":39}}},"16":{"name":"(anonymous_16)","line":225,"loc":{"start":{"line":225,"column":19},"end":{"line":225,"column":61}}},"17":{"name":"(anonymous_17)","line":256,"loc":{"start":{"line":256,"column":17},"end":{"line":256,"column":38}}},"18":{"name":"(anonymous_18)","line":266,"loc":{"start":{"line":266,"column":21},"end":{"line":266,"column":34}}},"19":{"name":"(anonymous_19)","line":278,"loc":{"start":{"line":278,"column":21},"end":{"line":278,"column":33}}}},"statementMap":{"1":{"start":{"line":4,"column":0},"end":{"line":4,"column":23}},"2":{"start":{"line":5,"column":0},"end":{"line":5,"column":27}},"3":{"start":{"line":6,"column":0},"end":{"line":6,"column":21}},"4":{"start":{"line":7,"column":0},"end":{"line":7,"column":31}},"5":{"start":{"line":8,"column":0},"end":{"line":8,"column":30}},"6":{"start":{"line":9,"column":0},"end":{"line":9,"column":35}},"7":{"start":{"line":10,"column":0},"end":{"line":10,"column":45}},"8":{"start":{"line":11,"column":0},"end":{"line":11,"column":39}},"9":{"start":{"line":13,"column":0},"end":{"line":43,"column":1}},"10":{"start":{"line":14,"column":2},"end":{"line":16,"column":3}},"11":{"start":{"line":15,"column":4},"end":{"line":15,"column":38}},"12":{"start":{"line":21,"column":2},"end":{"line":21,"column":20}},"13":{"start":{"line":23,"column":2},"end":{"line":23,"column":26}},"14":{"start":{"line":25,"column":2},"end":{"line":25,"column":24}},"15":{"start":{"line":27,"column":2},"end":{"line":27,"column":25}},"16":{"start":{"line":29,"column":2},"end":{"line":29,"column":23}},"17":{"start":{"line":31,"column":2},"end":{"line":31,"column":19}},"18":{"start":{"line":33,"column":2},"end":{"line":33,"column":18}},"19":{"start":{"line":38,"column":2},"end":{"line":40,"column":3}},"20":{"start":{"line":39,"column":4},"end":{"line":39,"column":29}},"21":{"start":{"line":42,"column":2},"end":{"line":42,"column":22}},"22":{"start":{"line":45,"column":0},"end":{"line":292,"column":2}},"23":{"start":{"line":60,"column":4},"end":{"line":62,"column":5}},"24":{"start":{"line":61,"column":6},"end":{"line":61,"column":68}},"25":{"start":{"line":64,"column":4},"end":{"line":64,"column":22}},"26":{"start":{"line":65,"column":4},"end":{"line":68,"column":6}},"27":{"start":{"line":70,"column":4},"end":{"line":79,"column":7}},"28":{"start":{"line":71,"column":6},"end":{"line":71,"column":33}},"29":{"start":{"line":72,"column":6},"end":{"line":72,"column":32}},"30":{"start":{"line":74,"column":6},"end":{"line":74,"column":35}},"31":{"start":{"line":76,"column":6},"end":{"line":76,"column":57}},"32":{"start":{"line":78,"column":6},"end":{"line":78,"column":68}},"33":{"start":{"line":89,"column":4},"end":{"line":89,"column":22}},"34":{"start":{"line":91,"column":4},"end":{"line":100,"column":9}},"35":{"start":{"line":93,"column":8},"end":{"line":93,"column":36}},"36":{"start":{"line":94,"column":8},"end":{"line":94,"column":34}},"37":{"start":{"line":96,"column":8},"end":{"line":96,"column":70}},"38":{"start":{"line":97,"column":8},"end":{"line":97,"column":29}},"39":{"start":{"line":99,"column":8},"end":{"line":99,"column":22}},"40":{"start":{"line":112,"column":4},"end":{"line":112,"column":40}},"41":{"start":{"line":115,"column":4},"end":{"line":123,"column":7},"skip":true},"42":{"start":{"line":116,"column":6},"end":{"line":122,"column":9},"skip":true},"43":{"start":{"line":117,"column":8},"end":{"line":119,"column":9},"skip":true},"44":{"start":{"line":118,"column":10},"end":{"line":118,"column":29},"skip":true},"45":{"start":{"line":121,"column":8},"end":{"line":121,"column":18},"skip":true},"46":{"start":{"line":140,"column":4},"end":{"line":140,"column":37}},"47":{"start":{"line":142,"column":4},"end":{"line":150,"column":7}},"48":{"start":{"line":143,"column":6},"end":{"line":145,"column":7}},"49":{"start":{"line":144,"column":8},"end":{"line":144,"column":114}},"50":{"start":{"line":147,"column":6},"end":{"line":147,"column":36}},"51":{"start":{"line":149,"column":6},"end":{"line":149,"column":49}},"52":{"start":{"line":162,"column":4},"end":{"line":168,"column":6}},"53":{"start":{"line":178,"column":4},"end":{"line":178,"column":22}},"54":{"start":{"line":180,"column":4},"end":{"line":212,"column":7}},"55":{"start":{"line":181,"column":6},"end":{"line":181,"column":36}},"56":{"start":{"line":182,"column":6},"end":{"line":182,"column":36}},"57":{"start":{"line":184,"column":6},"end":{"line":186,"column":7}},"58":{"start":{"line":185,"column":7},"end":{"line":185,"column":95}},"59":{"start":{"line":188,"column":6},"end":{"line":188,"column":34}},"60":{"start":{"line":197,"column":6},"end":{"line":199,"column":9}},"61":{"start":{"line":198,"column":8},"end":{"line":198,"column":50}},"62":{"start":{"line":201,"column":6},"end":{"line":203,"column":9}},"63":{"start":{"line":202,"column":8},"end":{"line":202,"column":26}},"64":{"start":{"line":205,"column":6},"end":{"line":211,"column":20}},"65":{"start":{"line":226,"column":4},"end":{"line":226,"column":37}},"66":{"start":{"line":227,"column":4},"end":{"line":227,"column":37}},"67":{"start":{"line":228,"column":4},"end":{"line":228,"column":36}},"68":{"start":{"line":229,"column":4},"end":{"line":229,"column":56}},"69":{"start":{"line":231,"column":4},"end":{"line":231,"column":33}},"70":{"start":{"line":233,"column":4},"end":{"line":233,"column":61}},"71":{"start":{"line":235,"column":4},"end":{"line":235,"column":15}},"72":{"start":{"line":236,"column":4},"end":{"line":236,"column":36}},"73":{"start":{"line":237,"column":4},"end":{"line":237,"column":37}},"74":{"start":{"line":239,"column":4},"end":{"line":239,"column":28}},"75":{"start":{"line":240,"column":4},"end":{"line":240,"column":40}},"76":{"start":{"line":241,"column":4},"end":{"line":241,"column":51}},"77":{"start":{"line":243,"column":4},"end":{"line":243,"column":15}},"78":{"start":{"line":257,"column":4},"end":{"line":257,"column":44}},"79":{"start":{"line":258,"column":4},"end":{"line":260,"column":5}},"80":{"start":{"line":259,"column":6},"end":{"line":259,"column":62}},"81":{"start":{"line":261,"column":4},"end":{"line":268,"column":9}},"82":{"start":{"line":267,"column":8},"end":{"line":267,"column":51}},"83":{"start":{"line":279,"column":4},"end":{"line":281,"column":5}},"84":{"start":{"line":280,"column":6},"end":{"line":280,"column":57}},"85":{"start":{"line":283,"column":4},"end":{"line":290,"column":6}},"86":{"start":{"line":294,"column":0},"end":{"line":294,"column":33}}},"branchMap":{"1":{"line":14,"type":"if","locations":[{"start":{"line":14,"column":2},"end":{"line":14,"column":2}},{"start":{"line":14,"column":2},"end":{"line":14,"column":2}}]},"2":{"line":60,"type":"if","locations":[{"start":{"line":60,"column":4},"end":{"line":60,"column":4}},{"start":{"line":60,"column":4},"end":{"line":60,"column":4}}]},"3":{"line":67,"type":"binary-expr","locations":[{"start":{"line":67,"column":6},"end":{"line":67,"column":20}},{"start":{"line":67,"column":24},"end":{"line":67,"column":45}}]},"4":{"line":91,"type":"binary-expr","locations":[{"start":{"line":91,"column":19},"end":{"line":91,"column":23}},{"start":{"line":91,"column":27},"end":{"line":91,"column":47}}]},"5":{"line":117,"type":"if","locations":[{"start":{"line":117,"column":8},"end":{"line":117,"column":8},"skip":true},{"start":{"line":117,"column":8},"end":{"line":117,"column":8},"skip":true}]},"6":{"line":143,"type":"if","locations":[{"start":{"line":143,"column":6},"end":{"line":143,"column":6}},{"start":{"line":143,"column":6},"end":{"line":143,"column":6}}]},"7":{"line":184,"type":"if","locations":[{"start":{"line":184,"column":6},"end":{"line":184,"column":6}},{"start":{"line":184,"column":6},"end":{"line":184,"column":6}}]},"8":{"line":257,"type":"binary-expr","locations":[{"start":{"line":257,"column":16},"end":{"line":257,"column":25}},{"start":{"line":257,"column":29},"end":{"line":257,"column":43}}]},"9":{"line":258,"type":"if","locations":[{"start":{"line":258,"column":4},"end":{"line":258,"column":4}},{"start":{"line":258,"column":4},"end":{"line":258,"column":4}}]},"10":{"line":258,"type":"binary-expr","locations":[{"start":{"line":258,"column":8},"end":{"line":258,"column":37}},{"start":{"line":258,"column":41},"end":{"line":258,"column":71}}]},"11":{"line":279,"type":"if","locations":[{"start":{"line":279,"column":4},"end":{"line":279,"column":4}},{"start":{"line":279,"column":4},"end":{"line":279,"column":4}}]},"12":{"line":286,"type":"binary-expr","locations":[{"start":{"line":286,"column":26},"end":{"line":286,"column":36}},{"start":{"line":286,"column":40},"end":{"line":286,"column":60}}]}},"code":["/* global require, process, Buffer, module */","'use strict';","","var fs = require(\"fs\");","var path = require(\"path\");","var join = path.join;","var crypto = require(\"crypto\");","var RSA = require(\"node-rsa\");","var archiver = require(\"archiver\");","var Promise = require(\"es6-promise\").Promise;","var resolve = require(\"./resolver.js\");","","function ChromeExtension(attrs) {","  if ((this instanceof ChromeExtension) !== true) {","    return new ChromeExtension(attrs);","  }","","  /*","   Defaults","   */","  this.appId = null;","","  this.rootDirectory = '';","","  this.publicKey = null;","","  this.privateKey = null;","","  this.codebase = null;","","  this.path = null;","","  this.src = '**';","","  /*","  Copying attributes","   */","  for (var name in attrs) {","    this[name] = attrs[name];","  }","","  this.loaded = false;","}","","ChromeExtension.prototype = {","","  /**","   * Packs the content of the extension in a crx file.","   *","   * @param {Buffer=} contentsBuffer","   * @returns {Promise}","   * @example","   *","   * crx.pack().then(function(crxContent){","   *  // do something with the crxContent binary data","   * });","   *","   */","  pack: function (contentsBuffer) {","    if (!this.loaded) {","      return this.load().then(this.pack.bind(this, contentsBuffer));","    }","","    var selfie = this;","    var packP = [","      this.generatePublicKey(),","      contentsBuffer || selfie.loadContents()","    ];","","    return Promise.all(packP).then(function(outputs){","      var publicKey = outputs[0];","      var contents = outputs[1];","","      selfie.publicKey = publicKey;","","      var signature = selfie.generateSignature(contents);","","      return selfie.generatePackage(signature, publicKey, contents);","    });","  },","","  /**","   * Loads extension manifest and copies its content to a workable path.","   *","   * @param {string=} path","   * @returns {Promise}","   */","  load: function (path) {","    var selfie = this;","","    return resolve(path || selfie.rootDirectory)","      .then(function(metadata){","        selfie.path = metadata.path;","        selfie.src = metadata.src;","","        selfie.manifest = require(join(selfie.path, \"manifest.json\"));","        selfie.loaded = true;","","        return selfie;","      });","  },","","  /**","   * Writes data into the extension workable directory.","   *","   * @deprecated","   * @param {string} path","   * @param {*} data","   * @returns {Promise}","   */","  writeFile: function (path, data) {","    var absPath = join(this.path, path);","","    /* istanbul ignore next */","    return new Promise(function(resolve, reject){","      fs.writeFile(absPath, data, function (err) {","        if (err) {","          return reject(err);","        }","","        resolve();","      });","    });","  },","","  /**","   * Generates a public key.","   *","   * BC BREAK `this.publicKey` is not stored anymore (since 1.0.0)","   * BC BREAK callback parameter has been removed in favor to the promise interface.","   *","   * @returns {Promise} Resolves to {Buffer} containing the public key","   * @example","   *","   * crx.generatePublicKey(function(publicKey){","   *   // do something with publicKey","   * });","   */","  generatePublicKey: function () {","    var privateKey = this.privateKey;","","    return new Promise(function(resolve, reject){","      if (!privateKey) {","        return reject('Impossible to generate a public key: privateKey option has not been defined or is empty.');","      }","","      var key = new RSA(privateKey);","","      resolve(key.exportKey('pkcs8-public-der'));","    });","  },","","  /**","   * Generates a SHA1 package signature.","   *","   * BC BREAK `this.signature` is not stored anymore (since 1.0.0)","   *","   * @param {Buffer} contents","   * @returns {Buffer}","   */","  generateSignature: function (contents) {","    return new Buffer(","      crypto","        .createSign(\"sha1\")","        .update(contents)","        .sign(this.privateKey),","      \"binary\"","    );","  },","","  /**","   *","   * BC BREAK `this.contents` is not stored anymore (since 1.0.0)","   *","   * @returns {Promise}","   */","  loadContents: function () {","    var selfie = this;","","    return new Promise(function(resolve, reject){","      var archive = archiver('zip');","      var contents = new Buffer('');","","      if (!selfie.loaded) {","\t      throw new Error('crx.load needs to be called first in order to prepare the workspace.');","      }","","      archive.on('error', reject);","","      /*","        TODO: Remove in v4.","        It will be better to resolve an archive object","        rather than fitting everything in memory.","","        @see https://github.com/oncletom/crx/issues/61","      */","      archive.on('data', function (buf) {","        contents = Buffer.concat([contents, buf]);","      });","","      archive.on('finish', function () {","        resolve(contents);","      });","","      archive","        .glob(selfie.src, {","          cwd: selfie.path,","          matchBase: true,","          ignore: ['*.pem', '.git', '*.crx']","        })","        .finalize();","    });","  },","","  /**","   * Generates and returns a signed package from extension content.","   *","   * BC BREAK `this.package` is not stored anymore (since 1.0.0)","   *","   * @param {Buffer} signature","   * @param {Buffer} publicKey","   * @param {Buffer} contents","   * @returns {Buffer}","   */","  generatePackage: function (signature, publicKey, contents) {","    var keyLength = publicKey.length;","    var sigLength = signature.length;","    var zipLength = contents.length;","    var length = 16 + keyLength + sigLength + zipLength;","","    var crx = new Buffer(length);","","    crx.write(\"Cr24\" + new Array(13).join(\"\\x00\"), \"binary\");","","    crx[4] = 2;","    crx.writeUInt32LE(keyLength, 8);","    crx.writeUInt32LE(sigLength, 12);","","    publicKey.copy(crx, 16);","    signature.copy(crx, 16 + keyLength);","    contents.copy(crx, 16 + keyLength + sigLength);","","    return crx;","  },","","  /**","   * Generates an appId from the publicKey.","   * Public key has to be set for this to work, otherwise an error is thrown.","   *","   * BC BREAK `this.appId` is not stored anymore (since 1.0.0)","   * BC BREAK introduced `publicKey` parameter as it is not stored any more since 2.0.0","   *","   * @param {Buffer|string} [publicKey] the public key to use to generate the app ID","   * @returns {string}","   */","  generateAppId: function (publicKey) {","    publicKey = publicKey || this.publicKey;","    if (typeof publicKey !== 'string' && !(publicKey instanceof Buffer)) {","      throw new Error('Public key is neither set, nor given');","    }","    return crypto","      .createHash(\"sha256\")","      .update(publicKey)","      .digest(\"hex\")","      .slice(0, 32)","      .replace(/./g, function (x) {","        return (parseInt(x, 16) + 10).toString(26);","      });","  },","","  /**","   * Generates an updateXML file from the extension content.","   *","   * BC BREAK `this.updateXML` is not stored anymore (since 1.0.0)","   *","   * @returns {Buffer}","   */","  generateUpdateXML: function () {","    if (!this.codebase) {","      throw new Error(\"No URL provided for update.xml.\");","    }","","    return new Buffer(","      \"<?xml version='1.0' encoding='UTF-8'?>\\n\" +","      \"<gupdate xmlns='http://www.google.com/update2/response' protocol='2.0'>\\n\" +","      \"  <app appid='\" + (this.appId || this.generateAppId()) + \"'>\\n\" +","      \"    <updatecheck codebase='\" + this.codebase + \"' version='\" + this.manifest.version + \"' />\\n\" +","      \"  </app>\\n\" +","      \"</gupdate>\"","    );","  }","};","","module.exports = ChromeExtension;",""],"l":{"4":1,"5":1,"6":1,"7":1,"8":1,"9":1,"10":1,"11":1,"13":1,"14":0,"15":0,"21":0,"23":0,"25":0,"27":0,"29":0,"31":0,"33":0,"38":0,"39":0,"42":0,"45":1,"60":0,"61":0,"64":0,"65":0,"70":0,"71":0,"72":0,"74":0,"76":0,"78":0,"89":0,"91":0,"93":0,"94":0,"96":0,"97":0,"99":0,"112":0,"115":1,"116":1,"117":1,"118":1,"121":1,"140":0,"142":0,"143":0,"144":0,"147":0,"149":0,"162":0,"178":0,"180":0,"181":0,"182":0,"184":0,"185":0,"188":0,"197":0,"198":0,"201":0,"202":0,"205":0,"226":0,"227":0,"228":0,"229":0,"231":0,"233":0,"235":0,"236":0,"237":0,"239":0,"240":0,"241":0,"243":0,"257":0,"258":0,"259":0,"261":0,"267":0,"279":0,"280":0,"283":0,"294":1}},"/home/travis/build/npmtest/node-npmtest-crx/node_modules/crx/src/resolver.js":{"path":"/home/travis/build/npmtest/node-npmtest-crx/node_modules/crx/src/resolver.js","s":{"1":1,"2":1,"3":1,"4":1,"5":0,"6":0,"7":0,"8":0,"9":0,"10":0,"11":0,"12":0,"13":0,"14":0,"15":0,"16":0,"17":0,"18":0,"19":0},"b":{"1":[0,0],"2":[0,0],"3":[0,0],"4":[0,0]},"f":{"1":0,"2":0,"3":0,"4":0},"fnMap":{"1":{"name":"resolve","line":7,"loc":{"start":{"line":7,"column":17},"end":{"line":7,"column":47}}},"2":{"name":"(anonymous_2)","line":8,"loc":{"start":{"line":8,"column":21},"end":{"line":8,"column":46}}},"3":{"name":"(anonymous_3)","line":21,"loc":{"start":{"line":21,"column":23},"end":{"line":21,"column":34}}},"4":{"name":"(anonymous_4)","line":36,"loc":{"start":{"line":36,"column":35},"end":{"line":36,"column":46}}}},"statementMap":{"1":{"start":{"line":3,"column":0},"end":{"line":3,"column":27}},"2":{"start":{"line":4,"column":0},"end":{"line":4,"column":21}},"3":{"start":{"line":5,"column":0},"end":{"line":5,"column":45}},"4":{"start":{"line":7,"column":0},"end":{"line":47,"column":1}},"5":{"start":{"line":8,"column":2},"end":{"line":46,"column":5}},"6":{"start":{"line":10,"column":4},"end":{"line":45,"column":5}},"7":{"start":{"line":11,"column":6},"end":{"line":14,"column":9}},"8":{"start":{"line":18,"column":9},"end":{"line":45,"column":5}},"9":{"start":{"line":19,"column":6},"end":{"line":19,"column":28}},"10":{"start":{"line":21,"column":6},"end":{"line":26,"column":9}},"11":{"start":{"line":22,"column":8},"end":{"line":25,"column":9}},"12":{"start":{"line":23,"column":10},"end":{"line":23,"column":27}},"13":{"start":{"line":24,"column":10},"end":{"line":24,"column":22}},"14":{"start":{"line":28,"column":6},"end":{"line":30,"column":7}},"15":{"start":{"line":29,"column":8},"end":{"line":29,"column":91}},"16":{"start":{"line":32,"column":6},"end":{"line":32,"column":51}},"17":{"start":{"line":34,"column":6},"end":{"line":39,"column":8}},"18":{"start":{"line":37,"column":10},"end":{"line":37,"column":47}},"19":{"start":{"line":44,"column":6},"end":{"line":44,"column":93}}},"branchMap":{"1":{"line":10,"type":"if","locations":[{"start":{"line":10,"column":4},"end":{"line":10,"column":4}},{"start":{"line":10,"column":4},"end":{"line":10,"column":4}}]},"2":{"line":18,"type":"if","locations":[{"start":{"line":18,"column":9},"end":{"line":18,"column":9}},{"start":{"line":18,"column":9},"end":{"line":18,"column":9}}]},"3":{"line":22,"type":"if","locations":[{"start":{"line":22,"column":8},"end":{"line":22,"column":8}},{"start":{"line":22,"column":8},"end":{"line":22,"column":8}}]},"4":{"line":28,"type":"if","locations":[{"start":{"line":28,"column":6},"end":{"line":28,"column":6}},{"start":{"line":28,"column":6},"end":{"line":28,"column":6}}]}},"code":["'use strict';","","var path = require(\"path\");","var join = path.join;","var Promise = require(\"es6-promise\").Promise;","","module.exports = function resolve(pathOrFiles) {","  return new Promise(function(resolve, reject){","    // legacy and original mode","    if (typeof pathOrFiles === 'string') {","      return resolve({","        path: pathOrFiles,","        src: '**',","      });","    }","","    // new mode, with a list of files","    else if (Array.isArray(pathOrFiles)) {","      var manifestFile = '';","","      pathOrFiles.some(function(f){","        if (/(^|\\/)manifest.json$/.test(f)) {","          manifestFile = f;","          return true;","        }","      });","","      if (!manifestFile) {","        return reject(new Error('Unable to locate a manifest file in your list of files.'))","      }","","      var manifestDir = path.dirname(manifestFile);","","      return resolve({","        path: path.resolve(manifestDir),","        src: '{' + pathOrFiles.map(function(f){","          return path.relative(manifestDir, f);","        }).join(',') + '}'","      })","    }","","    //","    else {","      reject(new Error('load path is none of a folder location nor a list of files to pack'))","    }","  });","}",""],"l":{"3":1,"4":1,"5":1,"7":1,"8":0,"10":0,"11":0,"18":0,"19":0,"21":0,"22":0,"23":0,"24":0,"28":0,"29":0,"32":0,"34":0,"37":0,"44":0}},"/home/travis/build/npmtest/node-npmtest-crx/node_modules/crx/bin/crx.js":{"path":"/home/travis/build/npmtest/node-npmtest-crx/node_modules/crx/bin/crx.js","s":{"1":1,"2":1,"3":1,"4":1,"5":1,"6":1,"7":1,"8":1,"9":1,"10":1,"11":1,"12":1,"13":1,"14":1,"15":1,"16":0,"17":0,"18":0,"19":0,"20":0,"21":1,"22":0,"23":0,"24":0,"25":0,"26":0,"27":0,"28":0,"29":1,"30":0,"31":0,"32":0,"33":0,"34":0,"35":0,"36":1,"37":0,"38":0,"39":0,"40":0,"41":0,"42":0,"43":0,"44":0,"45":0,"46":0,"47":0,"48":0,"49":0,"50":0,"51":0,"52":0,"53":0,"54":0,"55":0,"56":0,"57":0,"58":0,"59":0,"60":0,"61":0,"62":0,"63":0,"64":1},"b":{"1":[0,0],"2":[0,0],"3":[0,0],"4":[0,0],"5":[0,0],"6":[0,0],"7":[0,0],"8":[0,0],"9":[0,0],"10":[0,0],"11":[0,0],"12":[0,0],"13":[0,0],"14":[0,0],"15":[0,0]},"f":{"1":0,"2":0,"3":0,"4":0,"5":0,"6":0,"7":0,"8":0,"9":0,"10":0,"11":0,"12":0,"13":0,"14":0,"15":0,"16":0},"fnMap":{"1":{"name":"readKeyFile","line":43,"loc":{"start":{"line":43,"column":0},"end":{"line":43,"column":30}}},"2":{"name":"(anonymous_2)","line":44,"loc":{"start":{"line":44,"column":21},"end":{"line":44,"column":48}}},"3":{"name":"(anonymous_3)","line":45,"loc":{"start":{"line":45,"column":25},"end":{"line":45,"column":46}}},"4":{"name":"generateKeyFile","line":60,"loc":{"start":{"line":60,"column":0},"end":{"line":60,"column":34}}},"5":{"name":"(anonymous_5)","line":61,"loc":{"start":{"line":61,"column":21},"end":{"line":61,"column":47}}},"6":{"name":"(anonymous_6)","line":65,"loc":{"start":{"line":65,"column":34},"end":{"line":65,"column":47}}},"7":{"name":"keygen","line":77,"loc":{"start":{"line":77,"column":0},"end":{"line":77,"column":31}}},"8":{"name":"(anonymous_8)","line":82,"loc":{"start":{"line":82,"column":21},"end":{"line":82,"column":39}}},"9":{"name":"pack","line":91,"loc":{"start":{"line":91,"column":0},"end":{"line":91,"column":29}}},"10":{"name":"(anonymous_10)","line":113,"loc":{"start":{"line":113,"column":34},"end":{"line":113,"column":49}}},"11":{"name":"(anonymous_11)","line":120,"loc":{"start":{"line":120,"column":10},"end":{"line":120,"column":25}}},"12":{"name":"(anonymous_12)","line":122,"loc":{"start":{"line":122,"column":10},"end":{"line":122,"column":22}}},"13":{"name":"(anonymous_13)","line":123,"loc":{"start":{"line":123,"column":20},"end":{"line":123,"column":32}}},"14":{"name":"(anonymous_14)","line":125,"loc":{"start":{"line":125,"column":12},"end":{"line":125,"column":33}}},"15":{"name":"(anonymous_15)","line":134,"loc":{"start":{"line":134,"column":12},"end":{"line":134,"column":33}}},"16":{"name":"(anonymous_16)","line":144,"loc":{"start":{"line":144,"column":12},"end":{"line":144,"column":24}}}},"statementMap":{"1":{"start":{"line":3,"column":0},"end":{"line":3,"column":27}},"2":{"start":{"line":4,"column":0},"end":{"line":4,"column":23}},"3":{"start":{"line":5,"column":0},"end":{"line":5,"column":30}},"4":{"start":{"line":6,"column":0},"end":{"line":6,"column":45}},"5":{"start":{"line":8,"column":0},"end":{"line":8,"column":35}},"6":{"start":{"line":9,"column":0},"end":{"line":9,"column":36}},"7":{"start":{"line":10,"column":0},"end":{"line":10,"column":37}},"8":{"start":{"line":12,"column":0},"end":{"line":12,"column":27}},"9":{"start":{"line":13,"column":0},"end":{"line":13,"column":21}},"10":{"start":{"line":15,"column":0},"end":{"line":15,"column":24}},"11":{"start":{"line":17,"column":0},"end":{"line":17,"column":29}},"12":{"start":{"line":21,"column":0},"end":{"line":25,"column":18}},"13":{"start":{"line":27,"column":0},"end":{"line":34,"column":16}},"14":{"start":{"line":36,"column":0},"end":{"line":36,"column":28}},"15":{"start":{"line":43,"column":0},"end":{"line":53,"column":1}},"16":{"start":{"line":44,"column":2},"end":{"line":52,"column":5}},"17":{"start":{"line":45,"column":4},"end":{"line":51,"column":7}},"18":{"start":{"line":46,"column":6},"end":{"line":50,"column":7}},"19":{"start":{"line":47,"column":8},"end":{"line":47,"column":20}},"20":{"start":{"line":49,"column":8},"end":{"line":49,"column":22}},"21":{"start":{"line":60,"column":0},"end":{"line":75,"column":1}},"22":{"start":{"line":61,"column":2},"end":{"line":74,"column":5}},"23":{"start":{"line":62,"column":4},"end":{"line":63,"column":52}},"24":{"start":{"line":65,"column":4},"end":{"line":73,"column":7}},"25":{"start":{"line":66,"column":6},"end":{"line":68,"column":7}},"26":{"start":{"line":67,"column":8},"end":{"line":67,"column":18}},"27":{"start":{"line":70,"column":6},"end":{"line":70,"column":64}},"28":{"start":{"line":72,"column":6},"end":{"line":72,"column":22}},"29":{"start":{"line":77,"column":0},"end":{"line":89,"column":1}},"30":{"start":{"line":78,"column":2},"end":{"line":78,"column":38}},"31":{"start":{"line":80,"column":2},"end":{"line":80,"column":37}},"32":{"start":{"line":82,"column":2},"end":{"line":88,"column":5}},"33":{"start":{"line":83,"column":4},"end":{"line":85,"column":5}},"34":{"start":{"line":84,"column":6},"end":{"line":84,"column":71}},"35":{"start":{"line":87,"column":4},"end":{"line":87,"column":29}},"36":{"start":{"line":91,"column":0},"end":{"line":148,"column":1}},"37":{"start":{"line":92,"column":2},"end":{"line":92,"column":44}},"38":{"start":{"line":93,"column":2},"end":{"line":93,"column":95}},"39":{"start":{"line":94,"column":2},"end":{"line":94,"column":13}},"40":{"start":{"line":96,"column":2},"end":{"line":100,"column":3}},"41":{"start":{"line":97,"column":4},"end":{"line":99,"column":5}},"42":{"start":{"line":98,"column":6},"end":{"line":98,"column":106}},"43":{"start":{"line":102,"column":2},"end":{"line":106,"column":3}},"44":{"start":{"line":103,"column":4},"end":{"line":105,"column":5}},"45":{"start":{"line":104,"column":6},"end":{"line":104,"column":119}},"46":{"start":{"line":108,"column":2},"end":{"line":111,"column":5}},"47":{"start":{"line":113,"column":2},"end":{"line":147,"column":5}},"48":{"start":{"line":115,"column":4},"end":{"line":119,"column":5}},"49":{"start":{"line":116,"column":6},"end":{"line":116,"column":38}},"50":{"start":{"line":118,"column":6},"end":{"line":118,"column":16}},"51":{"start":{"line":121,"column":4},"end":{"line":121,"column":25}},"52":{"start":{"line":123,"column":4},"end":{"line":146,"column":7}},"53":{"start":{"line":124,"column":6},"end":{"line":124,"column":32}},"54":{"start":{"line":127,"column":6},"end":{"line":131,"column":7}},"55":{"start":{"line":128,"column":8},"end":{"line":128,"column":54}},"56":{"start":{"line":130,"column":8},"end":{"line":130,"column":53}},"57":{"start":{"line":133,"column":6},"end":{"line":133,"column":33}},"58":{"start":{"line":136,"column":6},"end":{"line":140,"column":7}},"59":{"start":{"line":137,"column":8},"end":{"line":137,"column":32}},"60":{"start":{"line":139,"column":8},"end":{"line":139,"column":45}},"61":{"start":{"line":142,"column":6},"end":{"line":142,"column":41}},"62":{"start":{"line":143,"column":6},"end":{"line":143,"column":80}},"63":{"start":{"line":145,"column":6},"end":{"line":145,"column":62}},"64":{"start":{"line":150,"column":0},"end":{"line":150,"column":25}}},"branchMap":{"1":{"line":46,"type":"if","locations":[{"start":{"line":46,"column":6},"end":{"line":46,"column":6}},{"start":{"line":46,"column":6},"end":{"line":46,"column":6}}]},"2":{"line":66,"type":"if","locations":[{"start":{"line":66,"column":6},"end":{"line":66,"column":6}},{"start":{"line":66,"column":6},"end":{"line":66,"column":6}}]},"3":{"line":78,"type":"cond-expr","locations":[{"start":{"line":78,"column":14},"end":{"line":78,"column":31}},{"start":{"line":78,"column":34},"end":{"line":78,"column":37}}]},"4":{"line":83,"type":"if","locations":[{"start":{"line":83,"column":4},"end":{"line":83,"column":4}},{"start":{"line":83,"column":4},"end":{"line":83,"column":4}}]},"5":{"line":83,"type":"binary-expr","locations":[{"start":{"line":83,"column":8},"end":{"line":83,"column":14}},{"start":{"line":83,"column":18},"end":{"line":83,"column":32}}]},"6":{"line":92,"type":"cond-expr","locations":[{"start":{"line":92,"column":20},"end":{"line":92,"column":37}},{"start":{"line":92,"column":40},"end":{"line":92,"column":43}}]},"7":{"line":93,"type":"cond-expr","locations":[{"start":{"line":93,"column":37},"end":{"line":93,"column":69}},{"start":{"line":93,"column":72},"end":{"line":93,"column":94}}]},"8":{"line":96,"type":"if","locations":[{"start":{"line":96,"column":2},"end":{"line":96,"column":2}},{"start":{"line":96,"column":2},"end":{"line":96,"column":2}}]},"9":{"line":97,"type":"if","locations":[{"start":{"line":97,"column":4},"end":{"line":97,"column":4}},{"start":{"line":97,"column":4},"end":{"line":97,"column":4}}]},"10":{"line":102,"type":"if","locations":[{"start":{"line":102,"column":2},"end":{"line":102,"column":2}},{"start":{"line":102,"column":2},"end":{"line":102,"column":2}}]},"11":{"line":103,"type":"if","locations":[{"start":{"line":103,"column":4},"end":{"line":103,"column":4}},{"start":{"line":103,"column":4},"end":{"line":103,"column":4}}]},"12":{"line":115,"type":"if","locations":[{"start":{"line":115,"column":4},"end":{"line":115,"column":4}},{"start":{"line":115,"column":4},"end":{"line":115,"column":4}}]},"13":{"line":127,"type":"if","locations":[{"start":{"line":127,"column":6},"end":{"line":127,"column":6}},{"start":{"line":127,"column":6},"end":{"line":127,"column":6}}]},"14":{"line":136,"type":"if","locations":[{"start":{"line":136,"column":6},"end":{"line":136,"column":6}},{"start":{"line":136,"column":6},"end":{"line":136,"column":6}}]},"15":{"line":143,"type":"cond-expr","locations":[{"start":{"line":143,"column":17},"end":{"line":143,"column":46}},{"start":{"line":143,"column":49},"end":{"line":143,"column":63}}]}},"code":["//#!/usr/bin/env node","","var path = require(\"path\");","var fs = require(\"fs\");","var rsa = require('node-rsa');","var Promise = require('es6-promise').Promise;","","var program = require(\"commander\");","var ChromeExtension = require(\"..\");","var pkg = require('../package.json');","","var resolve = path.resolve;","var join = path.join;","","var cwd = process.cwd();","","program.version(pkg.version);","// coming soon","// .option(\"-x, --xml\", \"output autoupdate xml instead of extension \")","","program","  .command(\"keygen [directory]\")","  .option(\"--force\", \"overwrite the private key if it exists\")","  .description(\"generate a private key in [directory]/key.pem\")","  .action(keygen);","","program","  .command(\"pack [directory]\")","  .description(\"pack [directory] into a .crx extension\")","  .option(\"-o, --output <file>\", \"write the crx content to <file> instead of stdout\")","  .option(\"--zip-output <file>\", \"write the zip content to <file>\")","  .option(\"-p, --private-key <file>\", \"relative path to private key [key.pem]\")","  .option(\"-b, --max-buffer <total>\", \"max amount of memory allowed to generate the crx, in byte\")","  .action(pack);","","program.parse(process.argv);","","/**"," * Read a specified key file from disk"," * @param {String} keyPath path to the key to read"," * @returns {Promise}"," */","function readKeyFile(keyPath) {","  return new Promise(function (resolve, reject) {","    fs.readFile(keyPath, function (err, data) {","      if (err) {","        reject(err);","      } else {","        resolve(data);","      }","    });","  });","}","","/**"," * Generate a new key file"," * @param {String} keyPath path of the key file to create"," * @returns {Promise}"," */","function generateKeyFile(keyPath) {","  return new Promise(function(resolve, reject) {","    var key = new rsa({b: 2048}),","        keyVal = key.exportKey('pkcs1-private-pem');","","    fs.writeFile(keyPath, keyVal, function(err){","      if (err) {","        throw err;","      }","","      console.log('Key file has been generated at %s', keyPath);","","      resolve(keyVal);","    });","  });","}","","function keygen (dir, program) {","  dir = dir ? resolve(cwd, dir) : cwd;","","  var keyPath = join(dir, \"key.pem\");","","  fs.exists(keyPath, function (exists) {","    if (exists && !program.force) {","      throw new Error('key.pem already exists in the given location.');","    }","","    generateKeyFile(keyPath);","  });","}","","function pack (dir, program) {","  var input = dir ? resolve(cwd, dir) : cwd;","  var keyPath = program.privateKey ? resolve(cwd, program.privateKey) : join(input, \"key.pem\");","  var output;","","  if (program.output) {","    if (path.extname(program.output) !== '.crx') {","      throw new Error('-o file is expected to have a `.crx` suffix: [' + program.output + '] was given.');","    }","  }","","  if (program.zipOutput) {","    if (path.extname(program.zipOutput) !== '.zip') {","      throw new Error('--zip-output file is expected to have a `.zip` suffix: [' + program.zipOutput + '] was given.');","    }","  }","","  var crx = new ChromeExtension({","    rootDirectory: input,","    maxBuffer:     program.maxBuffer","  });","","  readKeyFile(keyPath).then(null, function (err) {","    // If the key file doesn't exist, create one","    if (err.code === 'ENOENT') {","      return generateKeyFile(keyPath);","    } else {","      throw err;","    }","  }).then(function (key) {","    crx.privateKey = key;","  }).then(function () {","    crx.load().then(function () {","      return crx.loadContents();","    }).then(function (zipBuffer) {","","      if (program.zipOutput) {","        var outFile = resolve(cwd, program.zipOutput);","","        fs.createWriteStream(outFile).end(zipBuffer);","      }","","      return crx.pack(zipBuffer);","    }).then(function (crxBuffer) {","","      if (program.output) {","        output = program.output;","      } else {","        output = path.basename(cwd) + '.crx';","      }","","      var outFile = resolve(cwd, output);","      (outFile ? fs.createWriteStream(outFile) : process.stdout).end(crxBuffer);","    }).then(function () {","      console.log('%s has been generated in %s', output, cwd);","    });","  });","}","","module.exports = program;",""],"l":{"3":1,"4":1,"5":1,"6":1,"8":1,"9":1,"10":1,"12":1,"13":1,"15":1,"17":1,"21":1,"27":1,"36":1,"43":1,"44":0,"45":0,"46":0,"47":0,"49":0,"60":1,"61":0,"62":0,"65":0,"66":0,"67":0,"70":0,"72":0,"77":1,"78":0,"80":0,"82":0,"83":0,"84":0,"87":0,"91":1,"92":0,"93":0,"94":0,"96":0,"97":0,"98":0,"102":0,"103":0,"104":0,"108":0,"113":0,"115":0,"116":0,"118":0,"121":0,"123":0,"124":0,"127":0,"128":0,"130":0,"133":0,"136":0,"137":0,"139":0,"142":0,"143":0,"145":0,"150":1}}}